2025-10-17 12:02:47,351 [Worker-1: Loading available Gradle versions] INFO  o.e.b.c.i.u.g.PublishedGradleVersions - Gradle version information cache is not available. Remote download required.
2025-10-17 12:03:21,974 [Worker-1: Importing Maven projects] INFO  o.e.m.c.i.l.LifecycleMappingFactory - Using org.eclipse.m2e.jdt.JarLifecycleMapping lifecycle mapping for MavenProject: com.crop_deal:APIGateWay:0.0.1-SNAPSHOT @ C:\Users\Sonam\Documents\CropDealCleanProject\APIGateWay\pom.xml.
2025-10-17 12:03:23,930 [Worker-1: Importing Maven projects] INFO  o.e.m.c.i.l.LifecycleMappingFactory - Using org.eclipse.m2e.jdt.JarLifecycleMapping lifecycle mapping for MavenProject: com.example:AdminService:0.0.1-SNAPSHOT @ C:\Users\Sonam\Documents\CropDealCleanProject\AdminService\pom.xml.
2025-10-17 12:03:25,052 [Worker-1: Importing Maven projects] INFO  o.e.m.c.i.l.LifecycleMappingFactory - Using org.eclipse.m2e.jdt.JarLifecycleMapping lifecycle mapping for MavenProject: com.example:AuthenticationService:0.0.1-SNAPSHOT @ C:\Users\Sonam\Documents\CropDealCleanProject\AuthenticationService\pom.xml.
2025-10-17 12:03:25,739 [Worker-1: Importing Maven projects] INFO  o.e.m.c.i.l.LifecycleMappingFactory - Using org.eclipse.m2e.jdt.JarLifecycleMapping lifecycle mapping for MavenProject: com.example:DealerService:0.0.1-SNAPSHOT @ C:\Users\Sonam\Documents\CropDealCleanProject\DealerService\pom.xml.
2025-10-17 12:03:26,449 [Worker-1: Importing Maven projects] INFO  o.e.m.c.i.l.LifecycleMappingFactory - Using org.eclipse.m2e.jdt.JarLifecycleMapping lifecycle mapping for MavenProject: com.example:EurekaServerService:0.0.1-SNAPSHOT @ C:\Users\Sonam\Documents\CropDealCleanProject\EurekaServerService\pom.xml.
2025-10-17 12:03:27,473 [Worker-1: Importing Maven projects] INFO  o.e.m.c.i.l.LifecycleMappingFactory - Using org.eclipse.m2e.jdt.JarLifecycleMapping lifecycle mapping for MavenProject: com.example:FarmerService:0.0.1-SNAPSHOT @ C:\Users\Sonam\Documents\CropDealCleanProject\FarmerService\pom.xml.
2025-10-17 12:03:28,259 [Worker-1: Importing Maven projects] INFO  o.e.m.c.i.p.WorkspaceClassifierResolverManager - Resolving P/AdminService: com.example:AdminService:0.0.1-SNAPSHOT with classifier  to /AdminService/target/classes
2025-10-17 12:03:28,464 [Worker-1: Importing Maven projects] INFO  o.e.m.c.i.l.LifecycleMappingFactory - Using org.eclipse.m2e.jdt.JarLifecycleMapping lifecycle mapping for MavenProject: com.example:PaymentService:0.0.1-SNAPSHOT @ C:\Users\Sonam\Documents\CropDealCleanProject\PaymentService\pom.xml.
2025-10-17 12:03:47,432 [Worker-1: Importing Maven projects] INFO  o.e.m.j.i.AbstractJavaProjectConfigurator - Adding source folder /AdminService/src/main/java
2025-10-17 12:03:47,439 [Worker-1: Importing Maven projects] INFO  o.e.m.j.i.AbstractJavaProjectConfigurator - Adding resource folder /AdminService/src/main/resources
2025-10-17 12:03:47,441 [Worker-1: Importing Maven projects] INFO  o.e.m.j.i.AbstractJavaProjectConfigurator - Adding resource folder /AdminService/src/main/resources
2025-10-17 12:03:47,443 [Worker-1: Importing Maven projects] INFO  o.e.m.j.i.AbstractJavaProjectConfigurator - Adding source folder /AdminService/src/test/java
2025-10-17 12:03:47,448 [Worker-1: Importing Maven projects] INFO  o.e.m.j.i.AbstractJavaProjectConfigurator - Adding resource folder /AdminService/src/test/resources
2025-10-17 12:03:51,096 [Worker-1: Importing Maven projects] INFO  o.e.m.j.i.AbstractJavaProjectConfigurator - Adding source folder /FarmerService/src/main/java
2025-10-17 12:03:51,099 [Worker-1: Importing Maven projects] INFO  o.e.m.j.i.AbstractJavaProjectConfigurator - Adding resource folder /FarmerService/src/main/resources
2025-10-17 12:03:51,101 [Worker-1: Importing Maven projects] INFO  o.e.m.j.i.AbstractJavaProjectConfigurator - Adding resource folder /FarmerService/src/main/resources
2025-10-17 12:03:51,102 [Worker-1: Importing Maven projects] INFO  o.e.m.j.i.AbstractJavaProjectConfigurator - Adding source folder /FarmerService/src/test/java
2025-10-17 12:03:51,104 [Worker-1: Importing Maven projects] INFO  o.e.m.j.i.AbstractJavaProjectConfigurator - Adding resource folder /FarmerService/src/test/resources
2025-10-17 12:03:54,318 [Worker-1: Importing Maven projects] INFO  o.e.m.j.i.AbstractJavaProjectConfigurator - Adding source folder /AuthenticationService/src/main/java
2025-10-17 12:03:54,319 [Worker-1: Importing Maven projects] INFO  o.e.m.j.i.AbstractJavaProjectConfigurator - Adding resource folder /AuthenticationService/src/main/resources
2025-10-17 12:03:54,321 [Worker-1: Importing Maven projects] INFO  o.e.m.j.i.AbstractJavaProjectConfigurator - Adding resource folder /AuthenticationService/src/main/resources
2025-10-17 12:03:54,321 [Worker-1: Importing Maven projects] INFO  o.e.m.j.i.AbstractJavaProjectConfigurator - Adding source folder /AuthenticationService/src/test/java
2025-10-17 12:03:54,323 [Worker-1: Importing Maven projects] INFO  o.e.m.j.i.AbstractJavaProjectConfigurator - Adding resource folder /AuthenticationService/src/test/resources
2025-10-17 12:03:56,821 [Worker-1: Importing Maven projects] INFO  o.e.m.j.i.AbstractJavaProjectConfigurator - Adding source folder /PaymentService/src/main/java
2025-10-17 12:03:56,822 [Worker-1: Importing Maven projects] INFO  o.e.m.j.i.AbstractJavaProjectConfigurator - Adding resource folder /PaymentService/src/main/resources
2025-10-17 12:03:56,823 [Worker-1: Importing Maven projects] INFO  o.e.m.j.i.AbstractJavaProjectConfigurator - Adding resource folder /PaymentService/src/main/resources
2025-10-17 12:03:56,824 [Worker-1: Importing Maven projects] INFO  o.e.m.j.i.AbstractJavaProjectConfigurator - Adding source folder /PaymentService/src/test/java
2025-10-17 12:03:56,825 [Worker-1: Importing Maven projects] INFO  o.e.m.j.i.AbstractJavaProjectConfigurator - Adding resource folder /PaymentService/src/test/resources
2025-10-17 12:03:58,323 [Worker-1: Importing Maven projects] INFO  o.e.m.j.i.AbstractJavaProjectConfigurator - Adding source folder /APIGateWay/src/main/java
2025-10-17 12:03:58,324 [Worker-1: Importing Maven projects] INFO  o.e.m.j.i.AbstractJavaProjectConfigurator - Adding resource folder /APIGateWay/src/main/resources
2025-10-17 12:03:58,325 [Worker-1: Importing Maven projects] INFO  o.e.m.j.i.AbstractJavaProjectConfigurator - Adding resource folder /APIGateWay/src/main/resources
2025-10-17 12:03:58,325 [Worker-1: Importing Maven projects] INFO  o.e.m.j.i.AbstractJavaProjectConfigurator - Adding source folder /APIGateWay/src/test/java
2025-10-17 12:03:58,326 [Worker-1: Importing Maven projects] INFO  o.e.m.j.i.AbstractJavaProjectConfigurator - Adding resource folder /APIGateWay/src/test/resources
2025-10-17 12:03:59,849 [Worker-1: Importing Maven projects] INFO  o.e.m.j.i.AbstractJavaProjectConfigurator - Adding source folder /DealerService/src/main/java
2025-10-17 12:03:59,850 [Worker-1: Importing Maven projects] INFO  o.e.m.j.i.AbstractJavaProjectConfigurator - Adding resource folder /DealerService/src/main/resources
2025-10-17 12:03:59,851 [Worker-1: Importing Maven projects] INFO  o.e.m.j.i.AbstractJavaProjectConfigurator - Adding resource folder /DealerService/src/main/resources
2025-10-17 12:03:59,851 [Worker-1: Importing Maven projects] INFO  o.e.m.j.i.AbstractJavaProjectConfigurator - Adding source folder /DealerService/src/test/java
2025-10-17 12:03:59,852 [Worker-1: Importing Maven projects] INFO  o.e.m.j.i.AbstractJavaProjectConfigurator - Adding resource folder /DealerService/src/test/resources
2025-10-17 12:04:01,338 [Worker-1: Importing Maven projects] INFO  o.e.m.j.i.AbstractJavaProjectConfigurator - Adding source folder /EurekaServerService/src/main/java
2025-10-17 12:04:01,341 [Worker-1: Importing Maven projects] INFO  o.e.m.j.i.AbstractJavaProjectConfigurator - Adding resource folder /EurekaServerService/src/main/resources
2025-10-17 12:04:01,342 [Worker-1: Importing Maven projects] INFO  o.e.m.j.i.AbstractJavaProjectConfigurator - Adding resource folder /EurekaServerService/src/main/resources
2025-10-17 12:04:01,342 [Worker-1: Importing Maven projects] INFO  o.e.m.j.i.AbstractJavaProjectConfigurator - Adding source folder /EurekaServerService/src/test/java
2025-10-17 12:04:01,344 [Worker-1: Importing Maven projects] INFO  o.e.m.j.i.AbstractJavaProjectConfigurator - Adding resource folder /EurekaServerService/src/test/resources
2025-10-17 12:04:02,563 [Worker-1: Importing Maven projects] INFO  o.e.m.c.i.p.ProjectConfigurationManager - Imported and configured 7 project(s) in 48 sec
2025-10-17 12:04:02,778 [Worker-8: Updating Maven Project] INFO  o.e.m.c.i.p.ProjectConfigurationManager - Update started
2025-10-17 12:04:08,278 [Worker-8: Updating Maven Project] INFO  o.e.m.c.i.l.LifecycleMappingFactory - Using org.eclipse.m2e.jdt.JarLifecycleMapping lifecycle mapping for MavenProject: com.crop_deal:APIGateWay:0.0.1-SNAPSHOT @ C:\Users\Sonam\Documents\CropDealCleanProject\APIGateWay\pom.xml.
2025-10-17 12:04:09,721 [Worker-8: Updating Maven Project] INFO  o.e.m.c.i.l.LifecycleMappingFactory - Using org.eclipse.m2e.jdt.JarLifecycleMapping lifecycle mapping for MavenProject: com.example:AdminService:0.0.1-SNAPSHOT @ C:\Users\Sonam\Documents\CropDealCleanProject\AdminService\pom.xml.
2025-10-17 12:04:11,049 [Worker-8: Updating Maven Project] INFO  o.e.m.c.i.l.LifecycleMappingFactory - Using org.eclipse.m2e.jdt.JarLifecycleMapping lifecycle mapping for MavenProject: com.example:AuthenticationService:0.0.1-SNAPSHOT @ C:\Users\Sonam\Documents\CropDealCleanProject\AuthenticationService\pom.xml.
2025-10-17 12:04:12,020 [Worker-8: Updating Maven Project] INFO  o.e.m.c.i.l.LifecycleMappingFactory - Using org.eclipse.m2e.jdt.JarLifecycleMapping lifecycle mapping for MavenProject: com.example:DealerService:0.0.1-SNAPSHOT @ C:\Users\Sonam\Documents\CropDealCleanProject\DealerService\pom.xml.
2025-10-17 12:04:12,965 [Worker-8: Updating Maven Project] INFO  o.e.m.c.i.l.LifecycleMappingFactory - Using org.eclipse.m2e.jdt.JarLifecycleMapping lifecycle mapping for MavenProject: com.example:EurekaServerService:0.0.1-SNAPSHOT @ C:\Users\Sonam\Documents\CropDealCleanProject\EurekaServerService\pom.xml.
2025-10-17 12:04:13,695 [Worker-8: Updating Maven Project] INFO  o.e.m.c.i.l.LifecycleMappingFactory - Using org.eclipse.m2e.jdt.JarLifecycleMapping lifecycle mapping for MavenProject: com.example:FarmerService:0.0.1-SNAPSHOT @ C:\Users\Sonam\Documents\CropDealCleanProject\FarmerService\pom.xml.
2025-10-17 12:04:14,234 [Worker-8: Updating Maven Project] INFO  o.e.m.c.i.p.WorkspaceClassifierResolverManager - Resolving P/AdminService: com.example:AdminService:0.0.1-SNAPSHOT with classifier  to /AdminService/target/classes
2025-10-17 12:04:14,427 [Worker-8: Updating Maven Project] INFO  o.e.m.c.i.l.LifecycleMappingFactory - Using org.eclipse.m2e.jdt.JarLifecycleMapping lifecycle mapping for MavenProject: com.example:PaymentService:0.0.1-SNAPSHOT @ C:\Users\Sonam\Documents\CropDealCleanProject\PaymentService\pom.xml.
2025-10-17 12:04:24,177 [Worker-8: Updating Maven Project] INFO  o.e.m.j.i.AbstractJavaProjectConfigurator - Adding source folder /APIGateWay/src/main/java
2025-10-17 12:04:24,178 [Worker-8: Updating Maven Project] INFO  o.e.m.j.i.AbstractJavaProjectConfigurator - Adding resource folder /APIGateWay/src/main/resources
2025-10-17 12:04:24,179 [Worker-8: Updating Maven Project] INFO  o.e.m.j.i.AbstractJavaProjectConfigurator - Adding resource folder /APIGateWay/src/main/resources
2025-10-17 12:04:24,180 [Worker-8: Updating Maven Project] INFO  o.e.m.j.i.AbstractJavaProjectConfigurator - Adding source folder /APIGateWay/src/test/java
2025-10-17 12:04:24,181 [Worker-8: Updating Maven Project] INFO  o.e.m.j.i.AbstractJavaProjectConfigurator - Adding resource folder /APIGateWay/src/test/resources
2025-10-17 12:04:25,950 [Worker-8: Updating Maven Project] INFO  o.e.m.j.i.AbstractJavaProjectConfigurator - Adding source folder /AdminService/src/main/java
2025-10-17 12:04:25,953 [Worker-8: Updating Maven Project] INFO  o.e.m.j.i.AbstractJavaProjectConfigurator - Adding resource folder /AdminService/src/main/resources
2025-10-17 12:04:25,955 [Worker-8: Updating Maven Project] INFO  o.e.m.j.i.AbstractJavaProjectConfigurator - Adding resource folder /AdminService/src/main/resources
2025-10-17 12:04:25,957 [Worker-8: Updating Maven Project] INFO  o.e.m.j.i.AbstractJavaProjectConfigurator - Adding source folder /AdminService/src/test/java
2025-10-17 12:04:25,960 [Worker-8: Updating Maven Project] INFO  o.e.m.j.i.AbstractJavaProjectConfigurator - Adding resource folder /AdminService/src/test/resources
2025-10-17 12:04:27,826 [Worker-8: Updating Maven Project] INFO  o.e.m.j.i.AbstractJavaProjectConfigurator - Adding source folder /AuthenticationService/src/main/java
2025-10-17 12:04:27,828 [Worker-8: Updating Maven Project] INFO  o.e.m.j.i.AbstractJavaProjectConfigurator - Adding resource folder /AuthenticationService/src/main/resources
2025-10-17 12:04:27,830 [Worker-8: Updating Maven Project] INFO  o.e.m.j.i.AbstractJavaProjectConfigurator - Adding resource folder /AuthenticationService/src/main/resources
2025-10-17 12:04:27,831 [Worker-8: Updating Maven Project] INFO  o.e.m.j.i.AbstractJavaProjectConfigurator - Adding source folder /AuthenticationService/src/test/java
2025-10-17 12:04:27,833 [Worker-8: Updating Maven Project] INFO  o.e.m.j.i.AbstractJavaProjectConfigurator - Adding resource folder /AuthenticationService/src/test/resources
2025-10-17 12:04:30,605 [Worker-8: Updating Maven Project] INFO  o.e.m.j.i.AbstractJavaProjectConfigurator - Adding source folder /DealerService/src/main/java
2025-10-17 12:04:30,606 [Worker-8: Updating Maven Project] INFO  o.e.m.j.i.AbstractJavaProjectConfigurator - Adding resource folder /DealerService/src/main/resources
2025-10-17 12:04:30,608 [Worker-8: Updating Maven Project] INFO  o.e.m.j.i.AbstractJavaProjectConfigurator - Adding resource folder /DealerService/src/main/resources
2025-10-17 12:04:30,608 [Worker-8: Updating Maven Project] INFO  o.e.m.j.i.AbstractJavaProjectConfigurator - Adding source folder /DealerService/src/test/java
2025-10-17 12:04:30,610 [Worker-8: Updating Maven Project] INFO  o.e.m.j.i.AbstractJavaProjectConfigurator - Adding resource folder /DealerService/src/test/resources
2025-10-17 12:04:32,842 [Worker-8: Updating Maven Project] INFO  o.e.m.j.i.AbstractJavaProjectConfigurator - Adding source folder /EurekaServerService/src/main/java
2025-10-17 12:04:32,844 [Worker-8: Updating Maven Project] INFO  o.e.m.j.i.AbstractJavaProjectConfigurator - Adding resource folder /EurekaServerService/src/main/resources
2025-10-17 12:04:32,845 [Worker-8: Updating Maven Project] INFO  o.e.m.j.i.AbstractJavaProjectConfigurator - Adding resource folder /EurekaServerService/src/main/resources
2025-10-17 12:04:32,845 [Worker-8: Updating Maven Project] INFO  o.e.m.j.i.AbstractJavaProjectConfigurator - Adding source folder /EurekaServerService/src/test/java
2025-10-17 12:04:32,846 [Worker-8: Updating Maven Project] INFO  o.e.m.j.i.AbstractJavaProjectConfigurator - Adding resource folder /EurekaServerService/src/test/resources
2025-10-17 12:04:34,146 [Worker-8: Updating Maven Project] INFO  o.e.m.j.i.AbstractJavaProjectConfigurator - Adding source folder /FarmerService/src/main/java
2025-10-17 12:04:34,147 [Worker-8: Updating Maven Project] INFO  o.e.m.j.i.AbstractJavaProjectConfigurator - Adding resource folder /FarmerService/src/main/resources
2025-10-17 12:04:34,148 [Worker-8: Updating Maven Project] INFO  o.e.m.j.i.AbstractJavaProjectConfigurator - Adding resource folder /FarmerService/src/main/resources
2025-10-17 12:04:34,148 [Worker-8: Updating Maven Project] INFO  o.e.m.j.i.AbstractJavaProjectConfigurator - Adding source folder /FarmerService/src/test/java
2025-10-17 12:04:34,149 [Worker-8: Updating Maven Project] INFO  o.e.m.j.i.AbstractJavaProjectConfigurator - Adding resource folder /FarmerService/src/test/resources
2025-10-17 12:04:36,105 [Worker-8: Updating Maven Project] INFO  o.e.m.j.i.AbstractJavaProjectConfigurator - Adding source folder /PaymentService/src/main/java
2025-10-17 12:04:36,106 [Worker-8: Updating Maven Project] INFO  o.e.m.j.i.AbstractJavaProjectConfigurator - Adding resource folder /PaymentService/src/main/resources
2025-10-17 12:04:36,107 [Worker-8: Updating Maven Project] INFO  o.e.m.j.i.AbstractJavaProjectConfigurator - Adding resource folder /PaymentService/src/main/resources
2025-10-17 12:04:36,107 [Worker-8: Updating Maven Project] INFO  o.e.m.j.i.AbstractJavaProjectConfigurator - Adding source folder /PaymentService/src/test/java
2025-10-17 12:04:36,108 [Worker-8: Updating Maven Project] INFO  o.e.m.j.i.AbstractJavaProjectConfigurator - Adding resource folder /PaymentService/src/test/resources
2025-10-17 12:04:38,370 [Worker-8: Updating Maven Project] INFO  o.e.m.c.i.p.ProjectConfigurationManager - Update completed for 7 poms: local refresh takes 0.00 sec, refresh facades takes 20.00 sec, update config takes 13.00 sec 
2025-10-17 12:04:39,244 [Worker-0: Building] INFO  o.a.m.s.f.DefaultMavenResourcesFiltering - Copying 1 resource from src\main\resources to target\classes
2025-10-17 12:04:39,270 [Worker-0: Building] INFO  o.a.m.s.f.DefaultMavenResourcesFiltering - Copying 0 resource from src\main\resources to target\classes
2025-10-17 12:04:39,279 [Worker-0: Building] INFO  o.a.m.s.f.DefaultMavenResourcesFiltering - skip non existing resourceDirectory C:\Users\Sonam\Documents\CropDealCleanProject\APIGateWay\src\test\resources
2025-10-17 12:04:40,620 [Worker-0: Building] INFO  o.a.m.s.f.DefaultMavenResourcesFiltering - Copying 1 resource from src\main\resources to target\classes
2025-10-17 12:04:40,640 [Worker-0: Building] INFO  o.a.m.s.f.DefaultMavenResourcesFiltering - Copying 0 resource from src\main\resources to target\classes
2025-10-17 12:04:40,648 [Worker-0: Building] INFO  o.a.m.s.f.DefaultMavenResourcesFiltering - skip non existing resourceDirectory C:\Users\Sonam\Documents\CropDealCleanProject\AdminService\src\test\resources
2025-10-17 12:04:42,027 [Worker-0: Building] INFO  o.a.m.s.f.DefaultMavenResourcesFiltering - Copying 1 resource from src\main\resources to target\classes
2025-10-17 12:04:42,047 [Worker-0: Building] INFO  o.a.m.s.f.DefaultMavenResourcesFiltering - Copying 0 resource from src\main\resources to target\classes
2025-10-17 12:04:42,052 [Worker-0: Building] INFO  o.a.m.s.f.DefaultMavenResourcesFiltering - skip non existing resourceDirectory C:\Users\Sonam\Documents\CropDealCleanProject\AuthenticationService\src\test\resources
2025-10-17 12:04:42,950 [Worker-0: Building] INFO  o.a.m.s.f.DefaultMavenResourcesFiltering - Copying 1 resource from src\main\resources to target\classes
2025-10-17 12:04:42,971 [Worker-0: Building] INFO  o.a.m.s.f.DefaultMavenResourcesFiltering - Copying 0 resource from src\main\resources to target\classes
2025-10-17 12:04:42,978 [Worker-0: Building] INFO  o.a.m.s.f.DefaultMavenResourcesFiltering - skip non existing resourceDirectory C:\Users\Sonam\Documents\CropDealCleanProject\DealerService\src\test\resources
2025-10-17 12:04:43,432 [Worker-0: Building] INFO  o.a.m.s.f.DefaultMavenResourcesFiltering - Copying 1 resource from src\main\resources to target\classes
2025-10-17 12:04:43,450 [Worker-0: Building] INFO  o.a.m.s.f.DefaultMavenResourcesFiltering - Copying 0 resource from src\main\resources to target\classes
2025-10-17 12:04:43,456 [Worker-0: Building] INFO  o.a.m.s.f.DefaultMavenResourcesFiltering - skip non existing resourceDirectory C:\Users\Sonam\Documents\CropDealCleanProject\EurekaServerService\src\test\resources
2025-10-17 12:04:44,334 [Worker-0: Building] INFO  o.a.m.s.f.DefaultMavenResourcesFiltering - Copying 1 resource from src\main\resources to target\classes
2025-10-17 12:04:44,353 [Worker-0: Building] INFO  o.a.m.s.f.DefaultMavenResourcesFiltering - Copying 0 resource from src\main\resources to target\classes
2025-10-17 12:04:44,360 [Worker-0: Building] INFO  o.a.m.s.f.DefaultMavenResourcesFiltering - skip non existing resourceDirectory C:\Users\Sonam\Documents\CropDealCleanProject\FarmerService\src\test\resources
2025-10-17 12:04:45,042 [Worker-0: Building] INFO  o.a.m.s.f.DefaultMavenResourcesFiltering - Copying 1 resource from src\main\resources to target\classes
2025-10-17 12:04:45,062 [Worker-0: Building] INFO  o.a.m.s.f.DefaultMavenResourcesFiltering - Copying 0 resource from src\main\resources to target\classes
2025-10-17 12:04:45,069 [Worker-0: Building] INFO  o.a.m.s.f.DefaultMavenResourcesFiltering - skip non existing resourceDirectory C:\Users\Sonam\Documents\CropDealCleanProject\PaymentService\src\test\resources
2025-10-17 12:07:03,099 [Worker-8: Launching FarmerService - FarmerServiceApplication] INFO  o.e.m.c.i.p.WorkspaceClassifierResolverManager - Resolving P/AdminService: com.example:AdminService:0.0.1-SNAPSHOT with classifier null to /AdminService/target/classes
2025-10-17 12:07:04,236 [Worker-8: Launching FarmerService - FarmerServiceApplication] INFO  o.e.m.c.i.p.WorkspaceClassifierResolverManager - Resolving P/AdminService: com.example:AdminService:0.0.1-SNAPSHOT with classifier null to /AdminService/target/classes
2025-10-17 12:07:05,293 [Worker-8: Launching FarmerService - FarmerServiceApplication] INFO  o.e.m.c.i.p.WorkspaceClassifierResolverManager - Resolving P/AdminService: com.example:AdminService:0.0.1-SNAPSHOT with classifier null to /AdminService/target/classes
2025-10-17 12:48:48,673 [Worker-5: Loading available Gradle versions] INFO  o.e.b.c.i.u.g.PublishedGradleVersions - Gradle version information cache is up-to-date. Trying to read.
2025-10-17 12:49:35,877 [Worker-1: Launching EurekaServerService - EurekaServerServiceApplication] INFO  o.a.m.s.f.DefaultMavenResourcesFiltering - Copying 1 resource from src\main\resources to target\classes
2025-10-17 12:49:35,904 [Worker-1: Launching EurekaServerService - EurekaServerServiceApplication] INFO  o.a.m.s.f.DefaultMavenResourcesFiltering - Copying 0 resource from src\main\resources to target\classes
2025-10-17 12:49:35,910 [Worker-1: Launching EurekaServerService - EurekaServerServiceApplication] INFO  o.a.m.s.f.DefaultMavenResourcesFiltering - skip non existing resourceDirectory C:\Users\Sonam\Desktop\CropDeal\Backend\EurekaServerService\src\test\resources
2025-10-17 12:49:40,287 [Worker-2: Building] INFO  o.a.m.s.f.DefaultMavenResourcesFiltering - Copying 1 resource from src\main\resources to target\classes
2025-10-17 12:49:40,313 [Worker-2: Building] INFO  o.a.m.s.f.DefaultMavenResourcesFiltering - Copying 0 resource from src\main\resources to target\classes
2025-10-17 12:49:40,322 [Worker-2: Building] INFO  o.a.m.s.f.DefaultMavenResourcesFiltering - skip non existing resourceDirectory C:\Users\Sonam\Desktop\CropDeal\Backend\APIGateWay\src\test\resources
2025-10-17 12:49:45,025 [Worker-2: Building] INFO  o.a.m.s.f.DefaultMavenResourcesFiltering - Copying 1 resource from src\main\resources to target\classes
2025-10-17 12:49:45,062 [Worker-2: Building] INFO  o.a.m.s.f.DefaultMavenResourcesFiltering - Copying 0 resource from src\main\resources to target\classes
2025-10-17 12:49:45,075 [Worker-2: Building] INFO  o.a.m.s.f.DefaultMavenResourcesFiltering - skip non existing resourceDirectory C:\Users\Sonam\Desktop\CropDeal\Backend\AdminService\src\test\resources
2025-10-17 12:49:49,778 [Worker-2: Building] INFO  o.a.m.s.f.DefaultMavenResourcesFiltering - Copying 1 resource from src\main\resources to target\classes
2025-10-17 12:49:49,830 [Worker-2: Building] INFO  o.a.m.s.f.DefaultMavenResourcesFiltering - Copying 0 resource from src\main\resources to target\classes
2025-10-17 12:49:49,839 [Worker-2: Building] INFO  o.a.m.s.f.DefaultMavenResourcesFiltering - skip non existing resourceDirectory C:\Users\Sonam\Desktop\CropDeal\Backend\AuthenticationService\src\test\resources
2025-10-17 12:49:54,153 [Worker-2: Building] INFO  o.a.m.s.f.DefaultMavenResourcesFiltering - Copying 1 resource from src\main\resources to target\classes
2025-10-17 12:49:54,189 [Worker-2: Building] INFO  o.a.m.s.f.DefaultMavenResourcesFiltering - Copying 0 resource from src\main\resources to target\classes
2025-10-17 12:49:54,203 [Worker-2: Building] INFO  o.a.m.s.f.DefaultMavenResourcesFiltering - skip non existing resourceDirectory C:\Users\Sonam\Desktop\CropDeal\Backend\DealerService\src\test\resources
2025-10-17 12:49:58,607 [Worker-2: Building] INFO  o.e.m.c.i.p.WorkspaceClassifierResolverManager - Resolving P/AdminService: com.example:AdminService:0.0.1-SNAPSHOT with classifier  to /AdminService/target/classes
2025-10-17 12:49:58,943 [Worker-2: Building] INFO  o.a.m.s.f.DefaultMavenResourcesFiltering - Copying 1 resource from src\main\resources to target\classes
2025-10-17 12:49:58,964 [Worker-2: Building] INFO  o.a.m.s.f.DefaultMavenResourcesFiltering - Copying 0 resource from src\main\resources to target\classes
2025-10-17 12:49:58,974 [Worker-2: Building] INFO  o.a.m.s.f.DefaultMavenResourcesFiltering - skip non existing resourceDirectory C:\Users\Sonam\Desktop\CropDeal\Backend\FarmerService\src\test\resources
2025-10-17 12:50:01,886 [Worker-2: Building] INFO  o.a.m.s.f.DefaultMavenResourcesFiltering - Copying 1 resource from src\main\resources to target\classes
2025-10-17 12:50:01,907 [Worker-2: Building] INFO  o.a.m.s.f.DefaultMavenResourcesFiltering - Copying 0 resource from src\main\resources to target\classes
2025-10-17 12:50:01,918 [Worker-2: Building] INFO  o.a.m.s.f.DefaultMavenResourcesFiltering - skip non existing resourceDirectory C:\Users\Sonam\Desktop\CropDeal\Backend\PaymentService\src\test\resources
2025-10-17 12:52:48,110 [Worker-9: Launching FarmerService - FarmerServiceApplication] INFO  o.e.m.c.i.p.WorkspaceClassifierResolverManager - Resolving P/AdminService: com.example:AdminService:0.0.1-SNAPSHOT with classifier null to /AdminService/target/classes
2025-10-17 12:52:49,957 [Worker-9: Launching FarmerService - FarmerServiceApplication] INFO  o.e.m.c.i.p.WorkspaceClassifierResolverManager - Resolving P/AdminService: com.example:AdminService:0.0.1-SNAPSHOT with classifier null to /AdminService/target/classes
2025-10-17 12:52:51,726 [Worker-9: Launching FarmerService - FarmerServiceApplication] INFO  o.e.m.c.i.p.WorkspaceClassifierResolverManager - Resolving P/AdminService: com.example:AdminService:0.0.1-SNAPSHOT with classifier null to /AdminService/target/classes
